<?xml version="1.0" encoding="UTF-8"?>
<testsuite xmlns:xsi="http://www.w3.org/2001/XMLSchema-instance" xsi:noNamespaceSchemaLocation="https://maven.apache.org/surefire/maven-surefire-plugin/xsd/surefire-test-report-3.0.xsd" version="3.0" name="com.apachesparks.AppTest" time="0.03" tests="1" errors="0" skipped="0" failures="0">
  <properties>
    <property name="java.specification.version" value="17"/>
    <property name="sun.cpu.isalist" value="amd64"/>
    <property name="sun.jnu.encoding" value="Cp1252"/>
    <property name="java.class.path" value="C:\Users\JacobSabbathAdiaba\OneDrive - AmaliTech gGmbH\Desktop\Java Accelerator\Java Advance\week1\spark\labs\apacheSpark\sparks\target\test-classes;C:\Users\JacobSabbathAdiaba\OneDrive - AmaliTech gGmbH\Desktop\Java Accelerator\Java Advance\week1\spark\labs\apacheSpark\sparks\target\classes;C:\Users\JacobSabbathAdiaba\.m2\repository\org\apache\spark\spark-core_2.13\4.0.0-preview1\spark-core_2.13-4.0.0-preview1.jar;C:\Users\JacobSabbathAdiaba\.m2\repository\org\scala-lang\modules\scala-parallel-collections_2.13\1.0.4\scala-parallel-collections_2.13-1.0.4.jar;C:\Users\JacobSabbathAdiaba\.m2\repository\org\apache\avro\avro\1.11.3\avro-1.11.3.jar;C:\Users\JacobSabbathAdiaba\.m2\repository\org\apache\avro\avro-mapred\1.11.3\avro-mapred-1.11.3.jar;C:\Users\JacobSabbathAdiaba\.m2\repository\org\apache\avro\avro-ipc\1.11.3\avro-ipc-1.11.3.jar;C:\Users\JacobSabbathAdiaba\.m2\repository\org\tukaani\xz\1.9\xz-1.9.jar;C:\Users\JacobSabbathAdiaba\.m2\repository\com\twitter\chill_2.13\0.10.0\chill_2.13-0.10.0.jar;C:\Users\JacobSabbathAdiaba\.m2\repository\com\esotericsoftware\kryo-shaded\4.0.2\kryo-shaded-4.0.2.jar;C:\Users\JacobSabbathAdiaba\.m2\repository\com\esotericsoftware\minlog\1.3.0\minlog-1.3.0.jar;C:\Users\JacobSabbathAdiaba\.m2\repository\org\objenesis\objenesis\2.5.1\objenesis-2.5.1.jar;C:\Users\JacobSabbathAdiaba\.m2\repository\com\twitter\chill-java\0.10.0\chill-java-0.10.0.jar;C:\Users\JacobSabbathAdiaba\.m2\repository\org\apache\hadoop\hadoop-client-api\3.4.0\hadoop-client-api-3.4.0.jar;C:\Users\JacobSabbathAdiaba\.m2\repository\org\apache\hadoop\hadoop-client-runtime\3.4.0\hadoop-client-runtime-3.4.0.jar;C:\Users\JacobSabbathAdiaba\.m2\repository\org\apache\spark\spark-launcher_2.13\4.0.0-preview1\spark-launcher_2.13-4.0.0-preview1.jar;C:\Users\JacobSabbathAdiaba\.m2\repository\org\apache\spark\spark-kvstore_2.13\4.0.0-preview1\spark-kvstore_2.13-4.0.0-preview1.jar;C:\Users\JacobSabbathAdiaba\.m2\repository\org\fusesource\leveldbjni\leveldbjni-all\1.8\leveldbjni-all-1.8.jar;C:\Users\JacobSabbathAdiaba\.m2\repository\org\apache\spark\spark-network-common_2.13\4.0.0-preview1\spark-network-common_2.13-4.0.0-preview1.jar;C:\Users\JacobSabbathAdiaba\.m2\repository\io\netty\netty-tcnative-boringssl-static\2.0.65.Final\netty-tcnative-boringssl-static-2.0.65.Final-linux-x86_64.jar;C:\Users\JacobSabbathAdiaba\.m2\repository\io\netty\netty-tcnative-classes\2.0.65.Final\netty-tcnative-classes-2.0.65.Final.jar;C:\Users\JacobSabbathAdiaba\.m2\repository\io\netty\netty-tcnative-boringssl-static\2.0.65.Final\netty-tcnative-boringssl-static-2.0.65.Final-windows-x86_64.jar;C:\Users\JacobSabbathAdiaba\.m2\repository\io\netty\netty-tcnative-boringssl-static\2.0.65.Final\netty-tcnative-boringssl-static-2.0.65.Final-linux-aarch_64.jar;C:\Users\JacobSabbathAdiaba\.m2\repository\io\netty\netty-tcnative-boringssl-static\2.0.65.Final\netty-tcnative-boringssl-static-2.0.65.Final-osx-aarch_64.jar;C:\Users\JacobSabbathAdiaba\.m2\repository\io\netty\netty-tcnative-boringssl-static\2.0.65.Final\netty-tcnative-boringssl-static-2.0.65.Final-osx-x86_64.jar;C:\Users\JacobSabbathAdiaba\.m2\repository\com\google\crypto\tink\tink\1.13.0\tink-1.13.0.jar;C:\Users\JacobSabbathAdiaba\.m2\repository\com\google\code\gson\gson\2.10.1\gson-2.10.1.jar;C:\Users\JacobSabbathAdiaba\.m2\repository\com\google\protobuf\protobuf-java\3.25.1\protobuf-java-3.25.1.jar;C:\Users\JacobSabbathAdiaba\.m2\repository\org\apache\spark\spark-network-shuffle_2.13\4.0.0-preview1\spark-network-shuffle_2.13-4.0.0-preview1.jar;C:\Users\JacobSabbathAdiaba\.m2\repository\org\apache\spark\spark-unsafe_2.13\4.0.0-preview1\spark-unsafe_2.13-4.0.0-preview1.jar;C:\Users\JacobSabbathAdiaba\.m2\repository\org\apache\spark\spark-variant_2.13\4.0.0-preview1\spark-variant_2.13-4.0.0-preview1.jar;C:\Users\JacobSabbathAdiaba\.m2\repository\org\apache\spark\spark-common-utils_2.13\4.0.0-preview1\spark-common-utils_2.13-4.0.0-preview1.jar;C:\Users\JacobSabbathAdiaba\.m2\repository\org\apache\ivy\ivy\2.5.2\ivy-2.5.2.jar;C:\Users\JacobSabbathAdiaba\.m2\repository\oro\oro\2.0.8\oro-2.0.8.jar;C:\Users\JacobSabbathAdiaba\.m2\repository\org\slf4j\jul-to-slf4j\2.0.13\jul-to-slf4j-2.0.13.jar;C:\Users\JacobSabbathAdiaba\.m2\repository\org\slf4j\jcl-over-slf4j\2.0.13\jcl-over-slf4j-2.0.13.jar;C:\Users\JacobSabbathAdiaba\.m2\repository\org\apache\logging\log4j\log4j-slf4j2-impl\2.22.1\log4j-slf4j2-impl-2.22.1.jar;C:\Users\JacobSabbathAdiaba\.m2\repository\org\apache\logging\log4j\log4j-api\2.22.1\log4j-api-2.22.1.jar;C:\Users\JacobSabbathAdiaba\.m2\repository\org\apache\logging\log4j\log4j-core\2.22.1\log4j-core-2.22.1.jar;C:\Users\JacobSabbathAdiaba\.m2\repository\org\apache\logging\log4j\log4j-1.2-api\2.22.1\log4j-1.2-api-2.22.1.jar;C:\Users\JacobSabbathAdiaba\.m2\repository\org\apache\logging\log4j\log4j-layout-template-json\2.22.1\log4j-layout-template-json-2.22.1.jar;C:\Users\JacobSabbathAdiaba\.m2\repository\javax\activation\activation\1.1.1\activation-1.1.1.jar;C:\Users\JacobSabbathAdiaba\.m2\repository\org\apache\curator\curator-recipes\5.6.0\curator-recipes-5.6.0.jar;C:\Users\JacobSabbathAdiaba\.m2\repository\org\apache\curator\curator-framework\5.6.0\curator-framework-5.6.0.jar;C:\Users\JacobSabbathAdiaba\.m2\repository\org\apache\curator\curator-client\5.6.0\curator-client-5.6.0.jar;C:\Users\JacobSabbathAdiaba\.m2\repository\com\google\guava\guava\32.0.0-jre\guava-32.0.0-jre.jar;C:\Users\JacobSabbathAdiaba\.m2\repository\com\google\guava\failureaccess\1.0.1\failureaccess-1.0.1.jar;C:\Users\JacobSabbathAdiaba\.m2\repository\com\google\guava\listenablefuture\9999.0-empty-to-avoid-conflict-with-guava\listenablefuture-9999.0-empty-to-avoid-conflict-with-guava.jar;C:\Users\JacobSabbathAdiaba\.m2\repository\org\checkerframework\checker-qual\3.33.0\checker-qual-3.33.0.jar;C:\Users\JacobSabbathAdiaba\.m2\repository\com\google\errorprone\error_prone_annotations\2.18.0\error_prone_annotations-2.18.0.jar;C:\Users\JacobSabbathAdiaba\.m2\repository\com\google\j2objc\j2objc-annotations\2.8\j2objc-annotations-2.8.jar;C:\Users\JacobSabbathAdiaba\.m2\repository\org\apache\zookeeper\zookeeper\3.9.2\zookeeper-3.9.2.jar;C:\Users\JacobSabbathAdiaba\.m2\repository\org\apache\zookeeper\zookeeper-jute\3.9.2\zookeeper-jute-3.9.2.jar;C:\Users\JacobSabbathAdiaba\.m2\repository\org\apache\yetus\audience-annotations\0.12.0\audience-annotations-0.12.0.jar;C:\Users\JacobSabbathAdiaba\.m2\repository\javax\servlet\javax.servlet-api\4.0.1\javax.servlet-api-4.0.1.jar;C:\Users\JacobSabbathAdiaba\.m2\repository\jakarta\servlet\jakarta.servlet-api\5.0.0\jakarta.servlet-api-5.0.0.jar;C:\Users\JacobSabbathAdiaba\.m2\repository\commons-codec\commons-codec\1.17.0\commons-codec-1.17.0.jar;C:\Users\JacobSabbathAdiaba\.m2\repository\org\apache\commons\commons-compress\1.26.2\commons-compress-1.26.2.jar;C:\Users\JacobSabbathAdiaba\.m2\repository\org\apache\commons\commons-lang3\3.14.0\commons-lang3-3.14.0.jar;C:\Users\JacobSabbathAdiaba\.m2\repository\org\apache\commons\commons-math3\3.6.1\commons-math3-3.6.1.jar;C:\Users\JacobSabbathAdiaba\.m2\repository\org\apache\commons\commons-text\1.12.0\commons-text-1.12.0.jar;C:\Users\JacobSabbathAdiaba\.m2\repository\commons-io\commons-io\2.16.1\commons-io-2.16.1.jar;C:\Users\JacobSabbathAdiaba\.m2\repository\commons-collections\commons-collections\3.2.2\commons-collections-3.2.2.jar;C:\Users\JacobSabbathAdiaba\.m2\repository\org\apache\commons\commons-collections4\4.4\commons-collections4-4.4.jar;C:\Users\JacobSabbathAdiaba\.m2\repository\com\google\code\findbugs\jsr305\3.0.0\jsr305-3.0.0.jar;C:\Users\JacobSabbathAdiaba\.m2\repository\com\ning\compress-lzf\1.1.2\compress-lzf-1.1.2.jar;C:\Users\JacobSabbathAdiaba\.m2\repository\org\xerial\snappy\snappy-java\1.1.10.5\snappy-java-1.1.10.5.jar;C:\Users\JacobSabbathAdiaba\.m2\repository\org\lz4\lz4-java\1.8.0\lz4-java-1.8.0.jar;C:\Users\JacobSabbathAdiaba\.m2\repository\com\github\luben\zstd-jni\1.5.6-3\zstd-jni-1.5.6-3.jar;C:\Users\JacobSabbathAdiaba\.m2\repository\org\roaringbitmap\RoaringBitmap\1.0.6\RoaringBitmap-1.0.6.jar;C:\Users\JacobSabbathAdiaba\.m2\repository\org\scala-lang\modules\scala-xml_2.13\2.2.0\scala-xml_2.13-2.2.0.jar;C:\Users\JacobSabbathAdiaba\.m2\repository\org\scala-lang\scala-library\2.13.14\scala-library-2.13.14.jar;C:\Users\JacobSabbathAdiaba\.m2\repository\org\scala-lang\scala-reflect\2.13.14\scala-reflect-2.13.14.jar;C:\Users\JacobSabbathAdiaba\.m2\repository\org\json4s\json4s-jackson_2.13\4.0.7\json4s-jackson_2.13-4.0.7.jar;C:\Users\JacobSabbathAdiaba\.m2\repository\org\json4s\json4s-core_2.13\4.0.7\json4s-core_2.13-4.0.7.jar;C:\Users\JacobSabbathAdiaba\.m2\repository\org\json4s\json4s-ast_2.13\4.0.7\json4s-ast_2.13-4.0.7.jar;C:\Users\JacobSabbathAdiaba\.m2\repository\org\json4s\json4s-scalap_2.13\4.0.7\json4s-scalap_2.13-4.0.7.jar;C:\Users\JacobSabbathAdiaba\.m2\repository\org\json4s\json4s-jackson-core_2.13\4.0.7\json4s-jackson-core_2.13-4.0.7.jar;C:\Users\JacobSabbathAdiaba\.m2\repository\org\glassfish\jersey\core\jersey-client\3.0.12\jersey-client-3.0.12.jar;C:\Users\JacobSabbathAdiaba\.m2\repository\jakarta\ws\rs\jakarta.ws.rs-api\3.0.0\jakarta.ws.rs-api-3.0.0.jar;C:\Users\JacobSabbathAdiaba\.m2\repository\jakarta\inject\jakarta.inject-api\2.0.1\jakarta.inject-api-2.0.1.jar;C:\Users\JacobSabbathAdiaba\.m2\repository\org\glassfish\jersey\core\jersey-common\3.0.12\jersey-common-3.0.12.jar;C:\Users\JacobSabbathAdiaba\.m2\repository\jakarta\annotation\jakarta.annotation-api\2.0.0\jakarta.annotation-api-2.0.0.jar;C:\Users\JacobSabbathAdiaba\.m2\repository\org\glassfish\hk2\osgi-resource-locator\1.0.3\osgi-resource-locator-1.0.3.jar;C:\Users\JacobSabbathAdiaba\.m2\repository\org\glassfish\jersey\core\jersey-server\3.0.12\jersey-server-3.0.12.jar;C:\Users\JacobSabbathAdiaba\.m2\repository\jakarta\validation\jakarta.validation-api\3.0.2\jakarta.validation-api-3.0.2.jar;C:\Users\JacobSabbathAdiaba\.m2\repository\org\glassfish\jersey\containers\jersey-container-servlet\3.0.12\jersey-container-servlet-3.0.12.jar;C:\Users\JacobSabbathAdiaba\.m2\repository\org\glassfish\jersey\containers\jersey-container-servlet-core\3.0.12\jersey-container-servlet-core-3.0.12.jar;C:\Users\JacobSabbathAdiaba\.m2\repository\org\glassfish\jersey\inject\jersey-hk2\3.0.12\jersey-hk2-3.0.12.jar;C:\Users\JacobSabbathAdiaba\.m2\repository\org\glassfish\hk2\hk2-locator\3.0.3\hk2-locator-3.0.3.jar;C:\Users\JacobSabbathAdiaba\.m2\repository\org\glassfish\hk2\external\aopalliance-repackaged\3.0.3\aopalliance-repackaged-3.0.3.jar;C:\Users\JacobSabbathAdiaba\.m2\repository\org\glassfish\hk2\hk2-api\3.0.3\hk2-api-3.0.3.jar;C:\Users\JacobSabbathAdiaba\.m2\repository\org\glassfish\hk2\hk2-utils\3.0.3\hk2-utils-3.0.3.jar;C:\Users\JacobSabbathAdiaba\.m2\repository\org\javassist\javassist\3.29.2-GA\javassist-3.29.2-GA.jar;C:\Users\JacobSabbathAdiaba\.m2\repository\io\netty\netty-all\4.1.110.Final\netty-all-4.1.110.Final.jar;C:\Users\JacobSabbathAdiaba\.m2\repository\io\netty\netty-buffer\4.1.110.Final\netty-buffer-4.1.110.Final.jar;C:\Users\JacobSabbathAdiaba\.m2\repository\io\netty\netty-codec\4.1.110.Final\netty-codec-4.1.110.Final.jar;C:\Users\JacobSabbathAdiaba\.m2\repository\io\netty\netty-codec-http\4.1.110.Final\netty-codec-http-4.1.110.Final.jar;C:\Users\JacobSabbathAdiaba\.m2\repository\io\netty\netty-codec-http2\4.1.110.Final\netty-codec-http2-4.1.110.Final.jar;C:\Users\JacobSabbathAdiaba\.m2\repository\io\netty\netty-codec-socks\4.1.110.Final\netty-codec-socks-4.1.110.Final.jar;C:\Users\JacobSabbathAdiaba\.m2\repository\io\netty\netty-common\4.1.110.Final\netty-common-4.1.110.Final.jar;C:\Users\JacobSabbathAdiaba\.m2\repository\io\netty\netty-handler\4.1.110.Final\netty-handler-4.1.110.Final.jar;C:\Users\JacobSabbathAdiaba\.m2\repository\io\netty\netty-transport-native-unix-common\4.1.110.Final\netty-transport-native-unix-common-4.1.110.Final.jar;C:\Users\JacobSabbathAdiaba\.m2\repository\io\netty\netty-handler-proxy\4.1.110.Final\netty-handler-proxy-4.1.110.Final.jar;C:\Users\JacobSabbathAdiaba\.m2\repository\io\netty\netty-resolver\4.1.110.Final\netty-resolver-4.1.110.Final.jar;C:\Users\JacobSabbathAdiaba\.m2\repository\io\netty\netty-transport\4.1.110.Final\netty-transport-4.1.110.Final.jar;C:\Users\JacobSabbathAdiaba\.m2\repository\io\netty\netty-transport-classes-epoll\4.1.110.Final\netty-transport-classes-epoll-4.1.110.Final.jar;C:\Users\JacobSabbathAdiaba\.m2\repository\io\netty\netty-transport-classes-kqueue\4.1.110.Final\netty-transport-classes-kqueue-4.1.110.Final.jar;C:\Users\JacobSabbathAdiaba\.m2\repository\io\netty\netty-transport-native-epoll\4.1.110.Final\netty-transport-native-epoll-4.1.110.Final-linux-riscv64.jar;C:\Users\JacobSabbathAdiaba\.m2\repository\io\netty\netty-transport-native-epoll\4.1.110.Final\netty-transport-native-epoll-4.1.110.Final-linux-x86_64.jar;C:\Users\JacobSabbathAdiaba\.m2\repository\io\netty\netty-transport-native-epoll\4.1.110.Final\netty-transport-native-epoll-4.1.110.Final-linux-aarch_64.jar;C:\Users\JacobSabbathAdiaba\.m2\repository\io\netty\netty-transport-native-kqueue\4.1.110.Final\netty-transport-native-kqueue-4.1.110.Final-osx-aarch_64.jar;C:\Users\JacobSabbathAdiaba\.m2\repository\io\netty\netty-transport-native-kqueue\4.1.110.Final\netty-transport-native-kqueue-4.1.110.Final-osx-x86_64.jar;C:\Users\JacobSabbathAdiaba\.m2\repository\com\clearspring\analytics\stream\2.9.6\stream-2.9.6.jar;C:\Users\JacobSabbathAdiaba\.m2\repository\io\dropwizard\metrics\metrics-core\4.2.25\metrics-core-4.2.25.jar;C:\Users\JacobSabbathAdiaba\.m2\repository\io\dropwizard\metrics\metrics-jvm\4.2.25\metrics-jvm-4.2.25.jar;C:\Users\JacobSabbathAdiaba\.m2\repository\io\dropwizard\metrics\metrics-json\4.2.25\metrics-json-4.2.25.jar;C:\Users\JacobSabbathAdiaba\.m2\repository\io\dropwizard\metrics\metrics-graphite\4.2.25\metrics-graphite-4.2.25.jar;C:\Users\JacobSabbathAdiaba\.m2\repository\io\dropwizard\metrics\metrics-jmx\4.2.25\metrics-jmx-4.2.25.jar;C:\Users\JacobSabbathAdiaba\.m2\repository\com\fasterxml\jackson\module\jackson-module-scala_2.13\2.17.1\jackson-module-scala_2.13-2.17.1.jar;C:\Users\JacobSabbathAdiaba\.m2\repository\com\thoughtworks\paranamer\paranamer\2.8\paranamer-2.8.jar;C:\Users\JacobSabbathAdiaba\.m2\repository\net\razorvine\pickle\1.3\pickle-1.3.jar;C:\Users\JacobSabbathAdiaba\.m2\repository\net\sf\py4j\py4j\0.10.9.7\py4j-0.10.9.7.jar;C:\Users\JacobSabbathAdiaba\.m2\repository\org\apache\spark\spark-tags_2.13\4.0.0-preview1\spark-tags_2.13-4.0.0-preview1.jar;C:\Users\JacobSabbathAdiaba\.m2\repository\org\apache\commons\commons-crypto\1.1.0\commons-crypto-1.1.0.jar;C:\Users\JacobSabbathAdiaba\.m2\repository\junit\junit\3.8.1\junit-3.8.1.jar;C:\Users\JacobSabbathAdiaba\.m2\repository\org\slf4j\slf4j-simple\2.1.0-alpha1\slf4j-simple-2.1.0-alpha1.jar;C:\Users\JacobSabbathAdiaba\.m2\repository\org\slf4j\slf4j-api\2.1.0-alpha1\slf4j-api-2.1.0-alpha1.jar;C:\Users\JacobSabbathAdiaba\.m2\repository\com\fasterxml\jackson\core\jackson-databind\2.17.1\jackson-databind-2.17.1.jar;C:\Users\JacobSabbathAdiaba\.m2\repository\org\apache\spark\spark-sql_2.13\4.0.0-preview1\spark-sql_2.13-4.0.0-preview1.jar;C:\Users\JacobSabbathAdiaba\.m2\repository\org\rocksdb\rocksdbjni\8.11.4\rocksdbjni-8.11.4.jar;C:\Users\JacobSabbathAdiaba\.m2\repository\com\univocity\univocity-parsers\2.9.1\univocity-parsers-2.9.1.jar;C:\Users\JacobSabbathAdiaba\.m2\repository\org\apache\spark\spark-sketch_2.13\4.0.0-preview1\spark-sketch_2.13-4.0.0-preview1.jar;C:\Users\JacobSabbathAdiaba\.m2\repository\org\apache\spark\spark-catalyst_2.13\4.0.0-preview1\spark-catalyst_2.13-4.0.0-preview1.jar;C:\Users\JacobSabbathAdiaba\.m2\repository\org\apache\spark\spark-sql-api_2.13\4.0.0-preview1\spark-sql-api_2.13-4.0.0-preview1.jar;C:\Users\JacobSabbathAdiaba\.m2\repository\org\scala-lang\modules\scala-parser-combinators_2.13\2.4.0\scala-parser-combinators_2.13-2.4.0.jar;C:\Users\JacobSabbathAdiaba\.m2\repository\org\antlr\antlr4-runtime\4.13.1\antlr4-runtime-4.13.1.jar;C:\Users\JacobSabbathAdiaba\.m2\repository\org\apache\arrow\arrow-vector\16.1.0\arrow-vector-16.1.0.jar;C:\Users\JacobSabbathAdiaba\.m2\repository\org\apache\arrow\arrow-format\16.1.0\arrow-format-16.1.0.jar;C:\Users\JacobSabbathAdiaba\.m2\repository\org\apache\arrow\arrow-memory-core\16.1.0\arrow-memory-core-16.1.0.jar;C:\Users\JacobSabbathAdiaba\.m2\repository\com\fasterxml\jackson\datatype\jackson-datatype-jsr310\2.17.0\jackson-datatype-jsr310-2.17.0.jar;C:\Users\JacobSabbathAdiaba\.m2\repository\com\google\flatbuffers\flatbuffers-java\23.5.26\flatbuffers-java-23.5.26.jar;C:\Users\JacobSabbathAdiaba\.m2\repository\org\apache\arrow\arrow-memory-netty\16.1.0\arrow-memory-netty-16.1.0.jar;C:\Users\JacobSabbathAdiaba\.m2\repository\org\apache\arrow\arrow-memory-netty-buffer-patch\16.1.0\arrow-memory-netty-buffer-patch-16.1.0.jar;C:\Users\JacobSabbathAdiaba\.m2\repository\org\codehaus\janino\janino\3.1.9\janino-3.1.9.jar;C:\Users\JacobSabbathAdiaba\.m2\repository\org\codehaus\janino\commons-compiler\3.1.9\commons-compiler-3.1.9.jar;C:\Users\JacobSabbathAdiaba\.m2\repository\org\glassfish\jaxb\txw2\3.0.2\txw2-3.0.2.jar;C:\Users\JacobSabbathAdiaba\.m2\repository\org\apache\datasketches\datasketches-java\6.0.0\datasketches-java-6.0.0.jar;C:\Users\JacobSabbathAdiaba\.m2\repository\org\apache\datasketches\datasketches-memory\2.2.0\datasketches-memory-2.2.0.jar;C:\Users\JacobSabbathAdiaba\.m2\repository\org\apache\orc\orc-format\1.0.0\orc-format-1.0.0-shaded-protobuf.jar;C:\Users\JacobSabbathAdiaba\.m2\repository\org\apache\orc\orc-core\2.0.1\orc-core-2.0.1-shaded-protobuf.jar;C:\Users\JacobSabbathAdiaba\.m2\repository\org\apache\orc\orc-shims\2.0.1\orc-shims-2.0.1.jar;C:\Users\JacobSabbathAdiaba\.m2\repository\io\airlift\aircompressor\0.26\aircompressor-0.26.jar;C:\Users\JacobSabbathAdiaba\.m2\repository\org\jetbrains\annotations\17.0.0\annotations-17.0.0.jar;C:\Users\JacobSabbathAdiaba\.m2\repository\org\threeten\threeten-extra\1.7.1\threeten-extra-1.7.1.jar;C:\Users\JacobSabbathAdiaba\.m2\repository\org\apache\orc\orc-mapreduce\2.0.1\orc-mapreduce-2.0.1-shaded-protobuf.jar;C:\Users\JacobSabbathAdiaba\.m2\repository\org\apache\hive\hive-storage-api\2.8.1\hive-storage-api-2.8.1.jar;C:\Users\JacobSabbathAdiaba\.m2\repository\org\apache\parquet\parquet-column\1.13.1\parquet-column-1.13.1.jar;C:\Users\JacobSabbathAdiaba\.m2\repository\org\apache\parquet\parquet-common\1.13.1\parquet-common-1.13.1.jar;C:\Users\JacobSabbathAdiaba\.m2\repository\org\apache\parquet\parquet-encoding\1.13.1\parquet-encoding-1.13.1.jar;C:\Users\JacobSabbathAdiaba\.m2\repository\org\apache\parquet\parquet-hadoop\1.13.1\parquet-hadoop-1.13.1.jar;C:\Users\JacobSabbathAdiaba\.m2\repository\org\apache\parquet\parquet-format-structures\1.13.1\parquet-format-structures-1.13.1.jar;C:\Users\JacobSabbathAdiaba\.m2\repository\org\apache\parquet\parquet-jackson\1.13.1\parquet-jackson-1.13.1.jar;C:\Users\JacobSabbathAdiaba\.m2\repository\org\apache\ws\xmlschema\xmlschema-core\2.3.1\xmlschema-core-2.3.1.jar;C:\Users\JacobSabbathAdiaba\.m2\repository\org\apache\xbean\xbean-asm9-shaded\4.25\xbean-asm9-shaded-4.25.jar;C:\Users\JacobSabbathAdiaba\.m2\repository\com\ibm\icu\icu4j\72.1\icu4j-72.1.jar;C:\Users\JacobSabbathAdiaba\.m2\repository\com\fasterxml\jackson\core\jackson-core\2.17.1\jackson-core-2.17.1.jar;C:\Users\JacobSabbathAdiaba\.m2\repository\com\fasterxml\jackson\core\jackson-annotations\2.17.1\jackson-annotations-2.17.1.jar;"/>
    <property name="java.vm.vendor" value="Oracle Corporation"/>
    <property name="sun.arch.data.model" value="64"/>
    <property name="user.variant" value=""/>
    <property name="java.vendor.url" value="https://java.oracle.com/"/>
    <property name="user.timezone" value="Africa/Accra"/>
    <property name="user.country.format" value="GH"/>
    <property name="os.name" value="Windows 11"/>
    <property name="java.vm.specification.version" value="17"/>
    <property name="sun.java.launcher" value="SUN_STANDARD"/>
    <property name="user.country" value="GB"/>
    <property name="sun.boot.library.path" value="C:\Program Files\Java\jdk-17\bin"/>
    <property name="sun.java.command" value="C:\Users\JacobSabbathAdiaba\AppData\Local\Temp\surefire10282290427341701940\surefirebooter-20250618151834029_3.jar C:\Users\JacobSabbathAdiaba\AppData\Local\Temp\surefire10282290427341701940 2025-06-18T15-18-33_620-jvmRun1 surefire-20250618151834029_1tmp surefire_0-20250618151834029_2tmp"/>
    <property name="jdk.debug" value="release"/>
    <property name="surefire.test.class.path" value="C:\Users\JacobSabbathAdiaba\OneDrive - AmaliTech gGmbH\Desktop\Java Accelerator\Java Advance\week1\spark\labs\apacheSpark\sparks\target\test-classes;C:\Users\JacobSabbathAdiaba\OneDrive - AmaliTech gGmbH\Desktop\Java Accelerator\Java Advance\week1\spark\labs\apacheSpark\sparks\target\classes;C:\Users\JacobSabbathAdiaba\.m2\repository\org\apache\spark\spark-core_2.13\4.0.0-preview1\spark-core_2.13-4.0.0-preview1.jar;C:\Users\JacobSabbathAdiaba\.m2\repository\org\scala-lang\modules\scala-parallel-collections_2.13\1.0.4\scala-parallel-collections_2.13-1.0.4.jar;C:\Users\JacobSabbathAdiaba\.m2\repository\org\apache\avro\avro\1.11.3\avro-1.11.3.jar;C:\Users\JacobSabbathAdiaba\.m2\repository\org\apache\avro\avro-mapred\1.11.3\avro-mapred-1.11.3.jar;C:\Users\JacobSabbathAdiaba\.m2\repository\org\apache\avro\avro-ipc\1.11.3\avro-ipc-1.11.3.jar;C:\Users\JacobSabbathAdiaba\.m2\repository\org\tukaani\xz\1.9\xz-1.9.jar;C:\Users\JacobSabbathAdiaba\.m2\repository\com\twitter\chill_2.13\0.10.0\chill_2.13-0.10.0.jar;C:\Users\JacobSabbathAdiaba\.m2\repository\com\esotericsoftware\kryo-shaded\4.0.2\kryo-shaded-4.0.2.jar;C:\Users\JacobSabbathAdiaba\.m2\repository\com\esotericsoftware\minlog\1.3.0\minlog-1.3.0.jar;C:\Users\JacobSabbathAdiaba\.m2\repository\org\objenesis\objenesis\2.5.1\objenesis-2.5.1.jar;C:\Users\JacobSabbathAdiaba\.m2\repository\com\twitter\chill-java\0.10.0\chill-java-0.10.0.jar;C:\Users\JacobSabbathAdiaba\.m2\repository\org\apache\hadoop\hadoop-client-api\3.4.0\hadoop-client-api-3.4.0.jar;C:\Users\JacobSabbathAdiaba\.m2\repository\org\apache\hadoop\hadoop-client-runtime\3.4.0\hadoop-client-runtime-3.4.0.jar;C:\Users\JacobSabbathAdiaba\.m2\repository\org\apache\spark\spark-launcher_2.13\4.0.0-preview1\spark-launcher_2.13-4.0.0-preview1.jar;C:\Users\JacobSabbathAdiaba\.m2\repository\org\apache\spark\spark-kvstore_2.13\4.0.0-preview1\spark-kvstore_2.13-4.0.0-preview1.jar;C:\Users\JacobSabbathAdiaba\.m2\repository\org\fusesource\leveldbjni\leveldbjni-all\1.8\leveldbjni-all-1.8.jar;C:\Users\JacobSabbathAdiaba\.m2\repository\org\apache\spark\spark-network-common_2.13\4.0.0-preview1\spark-network-common_2.13-4.0.0-preview1.jar;C:\Users\JacobSabbathAdiaba\.m2\repository\io\netty\netty-tcnative-boringssl-static\2.0.65.Final\netty-tcnative-boringssl-static-2.0.65.Final-linux-x86_64.jar;C:\Users\JacobSabbathAdiaba\.m2\repository\io\netty\netty-tcnative-classes\2.0.65.Final\netty-tcnative-classes-2.0.65.Final.jar;C:\Users\JacobSabbathAdiaba\.m2\repository\io\netty\netty-tcnative-boringssl-static\2.0.65.Final\netty-tcnative-boringssl-static-2.0.65.Final-windows-x86_64.jar;C:\Users\JacobSabbathAdiaba\.m2\repository\io\netty\netty-tcnative-boringssl-static\2.0.65.Final\netty-tcnative-boringssl-static-2.0.65.Final-linux-aarch_64.jar;C:\Users\JacobSabbathAdiaba\.m2\repository\io\netty\netty-tcnative-boringssl-static\2.0.65.Final\netty-tcnative-boringssl-static-2.0.65.Final-osx-aarch_64.jar;C:\Users\JacobSabbathAdiaba\.m2\repository\io\netty\netty-tcnative-boringssl-static\2.0.65.Final\netty-tcnative-boringssl-static-2.0.65.Final-osx-x86_64.jar;C:\Users\JacobSabbathAdiaba\.m2\repository\com\google\crypto\tink\tink\1.13.0\tink-1.13.0.jar;C:\Users\JacobSabbathAdiaba\.m2\repository\com\google\code\gson\gson\2.10.1\gson-2.10.1.jar;C:\Users\JacobSabbathAdiaba\.m2\repository\com\google\protobuf\protobuf-java\3.25.1\protobuf-java-3.25.1.jar;C:\Users\JacobSabbathAdiaba\.m2\repository\org\apache\spark\spark-network-shuffle_2.13\4.0.0-preview1\spark-network-shuffle_2.13-4.0.0-preview1.jar;C:\Users\JacobSabbathAdiaba\.m2\repository\org\apache\spark\spark-unsafe_2.13\4.0.0-preview1\spark-unsafe_2.13-4.0.0-preview1.jar;C:\Users\JacobSabbathAdiaba\.m2\repository\org\apache\spark\spark-variant_2.13\4.0.0-preview1\spark-variant_2.13-4.0.0-preview1.jar;C:\Users\JacobSabbathAdiaba\.m2\repository\org\apache\spark\spark-common-utils_2.13\4.0.0-preview1\spark-common-utils_2.13-4.0.0-preview1.jar;C:\Users\JacobSabbathAdiaba\.m2\repository\org\apache\ivy\ivy\2.5.2\ivy-2.5.2.jar;C:\Users\JacobSabbathAdiaba\.m2\repository\oro\oro\2.0.8\oro-2.0.8.jar;C:\Users\JacobSabbathAdiaba\.m2\repository\org\slf4j\jul-to-slf4j\2.0.13\jul-to-slf4j-2.0.13.jar;C:\Users\JacobSabbathAdiaba\.m2\repository\org\slf4j\jcl-over-slf4j\2.0.13\jcl-over-slf4j-2.0.13.jar;C:\Users\JacobSabbathAdiaba\.m2\repository\org\apache\logging\log4j\log4j-slf4j2-impl\2.22.1\log4j-slf4j2-impl-2.22.1.jar;C:\Users\JacobSabbathAdiaba\.m2\repository\org\apache\logging\log4j\log4j-api\2.22.1\log4j-api-2.22.1.jar;C:\Users\JacobSabbathAdiaba\.m2\repository\org\apache\logging\log4j\log4j-core\2.22.1\log4j-core-2.22.1.jar;C:\Users\JacobSabbathAdiaba\.m2\repository\org\apache\logging\log4j\log4j-1.2-api\2.22.1\log4j-1.2-api-2.22.1.jar;C:\Users\JacobSabbathAdiaba\.m2\repository\org\apache\logging\log4j\log4j-layout-template-json\2.22.1\log4j-layout-template-json-2.22.1.jar;C:\Users\JacobSabbathAdiaba\.m2\repository\javax\activation\activation\1.1.1\activation-1.1.1.jar;C:\Users\JacobSabbathAdiaba\.m2\repository\org\apache\curator\curator-recipes\5.6.0\curator-recipes-5.6.0.jar;C:\Users\JacobSabbathAdiaba\.m2\repository\org\apache\curator\curator-framework\5.6.0\curator-framework-5.6.0.jar;C:\Users\JacobSabbathAdiaba\.m2\repository\org\apache\curator\curator-client\5.6.0\curator-client-5.6.0.jar;C:\Users\JacobSabbathAdiaba\.m2\repository\com\google\guava\guava\32.0.0-jre\guava-32.0.0-jre.jar;C:\Users\JacobSabbathAdiaba\.m2\repository\com\google\guava\failureaccess\1.0.1\failureaccess-1.0.1.jar;C:\Users\JacobSabbathAdiaba\.m2\repository\com\google\guava\listenablefuture\9999.0-empty-to-avoid-conflict-with-guava\listenablefuture-9999.0-empty-to-avoid-conflict-with-guava.jar;C:\Users\JacobSabbathAdiaba\.m2\repository\org\checkerframework\checker-qual\3.33.0\checker-qual-3.33.0.jar;C:\Users\JacobSabbathAdiaba\.m2\repository\com\google\errorprone\error_prone_annotations\2.18.0\error_prone_annotations-2.18.0.jar;C:\Users\JacobSabbathAdiaba\.m2\repository\com\google\j2objc\j2objc-annotations\2.8\j2objc-annotations-2.8.jar;C:\Users\JacobSabbathAdiaba\.m2\repository\org\apache\zookeeper\zookeeper\3.9.2\zookeeper-3.9.2.jar;C:\Users\JacobSabbathAdiaba\.m2\repository\org\apache\zookeeper\zookeeper-jute\3.9.2\zookeeper-jute-3.9.2.jar;C:\Users\JacobSabbathAdiaba\.m2\repository\org\apache\yetus\audience-annotations\0.12.0\audience-annotations-0.12.0.jar;C:\Users\JacobSabbathAdiaba\.m2\repository\javax\servlet\javax.servlet-api\4.0.1\javax.servlet-api-4.0.1.jar;C:\Users\JacobSabbathAdiaba\.m2\repository\jakarta\servlet\jakarta.servlet-api\5.0.0\jakarta.servlet-api-5.0.0.jar;C:\Users\JacobSabbathAdiaba\.m2\repository\commons-codec\commons-codec\1.17.0\commons-codec-1.17.0.jar;C:\Users\JacobSabbathAdiaba\.m2\repository\org\apache\commons\commons-compress\1.26.2\commons-compress-1.26.2.jar;C:\Users\JacobSabbathAdiaba\.m2\repository\org\apache\commons\commons-lang3\3.14.0\commons-lang3-3.14.0.jar;C:\Users\JacobSabbathAdiaba\.m2\repository\org\apache\commons\commons-math3\3.6.1\commons-math3-3.6.1.jar;C:\Users\JacobSabbathAdiaba\.m2\repository\org\apache\commons\commons-text\1.12.0\commons-text-1.12.0.jar;C:\Users\JacobSabbathAdiaba\.m2\repository\commons-io\commons-io\2.16.1\commons-io-2.16.1.jar;C:\Users\JacobSabbathAdiaba\.m2\repository\commons-collections\commons-collections\3.2.2\commons-collections-3.2.2.jar;C:\Users\JacobSabbathAdiaba\.m2\repository\org\apache\commons\commons-collections4\4.4\commons-collections4-4.4.jar;C:\Users\JacobSabbathAdiaba\.m2\repository\com\google\code\findbugs\jsr305\3.0.0\jsr305-3.0.0.jar;C:\Users\JacobSabbathAdiaba\.m2\repository\com\ning\compress-lzf\1.1.2\compress-lzf-1.1.2.jar;C:\Users\JacobSabbathAdiaba\.m2\repository\org\xerial\snappy\snappy-java\1.1.10.5\snappy-java-1.1.10.5.jar;C:\Users\JacobSabbathAdiaba\.m2\repository\org\lz4\lz4-java\1.8.0\lz4-java-1.8.0.jar;C:\Users\JacobSabbathAdiaba\.m2\repository\com\github\luben\zstd-jni\1.5.6-3\zstd-jni-1.5.6-3.jar;C:\Users\JacobSabbathAdiaba\.m2\repository\org\roaringbitmap\RoaringBitmap\1.0.6\RoaringBitmap-1.0.6.jar;C:\Users\JacobSabbathAdiaba\.m2\repository\org\scala-lang\modules\scala-xml_2.13\2.2.0\scala-xml_2.13-2.2.0.jar;C:\Users\JacobSabbathAdiaba\.m2\repository\org\scala-lang\scala-library\2.13.14\scala-library-2.13.14.jar;C:\Users\JacobSabbathAdiaba\.m2\repository\org\scala-lang\scala-reflect\2.13.14\scala-reflect-2.13.14.jar;C:\Users\JacobSabbathAdiaba\.m2\repository\org\json4s\json4s-jackson_2.13\4.0.7\json4s-jackson_2.13-4.0.7.jar;C:\Users\JacobSabbathAdiaba\.m2\repository\org\json4s\json4s-core_2.13\4.0.7\json4s-core_2.13-4.0.7.jar;C:\Users\JacobSabbathAdiaba\.m2\repository\org\json4s\json4s-ast_2.13\4.0.7\json4s-ast_2.13-4.0.7.jar;C:\Users\JacobSabbathAdiaba\.m2\repository\org\json4s\json4s-scalap_2.13\4.0.7\json4s-scalap_2.13-4.0.7.jar;C:\Users\JacobSabbathAdiaba\.m2\repository\org\json4s\json4s-jackson-core_2.13\4.0.7\json4s-jackson-core_2.13-4.0.7.jar;C:\Users\JacobSabbathAdiaba\.m2\repository\org\glassfish\jersey\core\jersey-client\3.0.12\jersey-client-3.0.12.jar;C:\Users\JacobSabbathAdiaba\.m2\repository\jakarta\ws\rs\jakarta.ws.rs-api\3.0.0\jakarta.ws.rs-api-3.0.0.jar;C:\Users\JacobSabbathAdiaba\.m2\repository\jakarta\inject\jakarta.inject-api\2.0.1\jakarta.inject-api-2.0.1.jar;C:\Users\JacobSabbathAdiaba\.m2\repository\org\glassfish\jersey\core\jersey-common\3.0.12\jersey-common-3.0.12.jar;C:\Users\JacobSabbathAdiaba\.m2\repository\jakarta\annotation\jakarta.annotation-api\2.0.0\jakarta.annotation-api-2.0.0.jar;C:\Users\JacobSabbathAdiaba\.m2\repository\org\glassfish\hk2\osgi-resource-locator\1.0.3\osgi-resource-locator-1.0.3.jar;C:\Users\JacobSabbathAdiaba\.m2\repository\org\glassfish\jersey\core\jersey-server\3.0.12\jersey-server-3.0.12.jar;C:\Users\JacobSabbathAdiaba\.m2\repository\jakarta\validation\jakarta.validation-api\3.0.2\jakarta.validation-api-3.0.2.jar;C:\Users\JacobSabbathAdiaba\.m2\repository\org\glassfish\jersey\containers\jersey-container-servlet\3.0.12\jersey-container-servlet-3.0.12.jar;C:\Users\JacobSabbathAdiaba\.m2\repository\org\glassfish\jersey\containers\jersey-container-servlet-core\3.0.12\jersey-container-servlet-core-3.0.12.jar;C:\Users\JacobSabbathAdiaba\.m2\repository\org\glassfish\jersey\inject\jersey-hk2\3.0.12\jersey-hk2-3.0.12.jar;C:\Users\JacobSabbathAdiaba\.m2\repository\org\glassfish\hk2\hk2-locator\3.0.3\hk2-locator-3.0.3.jar;C:\Users\JacobSabbathAdiaba\.m2\repository\org\glassfish\hk2\external\aopalliance-repackaged\3.0.3\aopalliance-repackaged-3.0.3.jar;C:\Users\JacobSabbathAdiaba\.m2\repository\org\glassfish\hk2\hk2-api\3.0.3\hk2-api-3.0.3.jar;C:\Users\JacobSabbathAdiaba\.m2\repository\org\glassfish\hk2\hk2-utils\3.0.3\hk2-utils-3.0.3.jar;C:\Users\JacobSabbathAdiaba\.m2\repository\org\javassist\javassist\3.29.2-GA\javassist-3.29.2-GA.jar;C:\Users\JacobSabbathAdiaba\.m2\repository\io\netty\netty-all\4.1.110.Final\netty-all-4.1.110.Final.jar;C:\Users\JacobSabbathAdiaba\.m2\repository\io\netty\netty-buffer\4.1.110.Final\netty-buffer-4.1.110.Final.jar;C:\Users\JacobSabbathAdiaba\.m2\repository\io\netty\netty-codec\4.1.110.Final\netty-codec-4.1.110.Final.jar;C:\Users\JacobSabbathAdiaba\.m2\repository\io\netty\netty-codec-http\4.1.110.Final\netty-codec-http-4.1.110.Final.jar;C:\Users\JacobSabbathAdiaba\.m2\repository\io\netty\netty-codec-http2\4.1.110.Final\netty-codec-http2-4.1.110.Final.jar;C:\Users\JacobSabbathAdiaba\.m2\repository\io\netty\netty-codec-socks\4.1.110.Final\netty-codec-socks-4.1.110.Final.jar;C:\Users\JacobSabbathAdiaba\.m2\repository\io\netty\netty-common\4.1.110.Final\netty-common-4.1.110.Final.jar;C:\Users\JacobSabbathAdiaba\.m2\repository\io\netty\netty-handler\4.1.110.Final\netty-handler-4.1.110.Final.jar;C:\Users\JacobSabbathAdiaba\.m2\repository\io\netty\netty-transport-native-unix-common\4.1.110.Final\netty-transport-native-unix-common-4.1.110.Final.jar;C:\Users\JacobSabbathAdiaba\.m2\repository\io\netty\netty-handler-proxy\4.1.110.Final\netty-handler-proxy-4.1.110.Final.jar;C:\Users\JacobSabbathAdiaba\.m2\repository\io\netty\netty-resolver\4.1.110.Final\netty-resolver-4.1.110.Final.jar;C:\Users\JacobSabbathAdiaba\.m2\repository\io\netty\netty-transport\4.1.110.Final\netty-transport-4.1.110.Final.jar;C:\Users\JacobSabbathAdiaba\.m2\repository\io\netty\netty-transport-classes-epoll\4.1.110.Final\netty-transport-classes-epoll-4.1.110.Final.jar;C:\Users\JacobSabbathAdiaba\.m2\repository\io\netty\netty-transport-classes-kqueue\4.1.110.Final\netty-transport-classes-kqueue-4.1.110.Final.jar;C:\Users\JacobSabbathAdiaba\.m2\repository\io\netty\netty-transport-native-epoll\4.1.110.Final\netty-transport-native-epoll-4.1.110.Final-linux-riscv64.jar;C:\Users\JacobSabbathAdiaba\.m2\repository\io\netty\netty-transport-native-epoll\4.1.110.Final\netty-transport-native-epoll-4.1.110.Final-linux-x86_64.jar;C:\Users\JacobSabbathAdiaba\.m2\repository\io\netty\netty-transport-native-epoll\4.1.110.Final\netty-transport-native-epoll-4.1.110.Final-linux-aarch_64.jar;C:\Users\JacobSabbathAdiaba\.m2\repository\io\netty\netty-transport-native-kqueue\4.1.110.Final\netty-transport-native-kqueue-4.1.110.Final-osx-aarch_64.jar;C:\Users\JacobSabbathAdiaba\.m2\repository\io\netty\netty-transport-native-kqueue\4.1.110.Final\netty-transport-native-kqueue-4.1.110.Final-osx-x86_64.jar;C:\Users\JacobSabbathAdiaba\.m2\repository\com\clearspring\analytics\stream\2.9.6\stream-2.9.6.jar;C:\Users\JacobSabbathAdiaba\.m2\repository\io\dropwizard\metrics\metrics-core\4.2.25\metrics-core-4.2.25.jar;C:\Users\JacobSabbathAdiaba\.m2\repository\io\dropwizard\metrics\metrics-jvm\4.2.25\metrics-jvm-4.2.25.jar;C:\Users\JacobSabbathAdiaba\.m2\repository\io\dropwizard\metrics\metrics-json\4.2.25\metrics-json-4.2.25.jar;C:\Users\JacobSabbathAdiaba\.m2\repository\io\dropwizard\metrics\metrics-graphite\4.2.25\metrics-graphite-4.2.25.jar;C:\Users\JacobSabbathAdiaba\.m2\repository\io\dropwizard\metrics\metrics-jmx\4.2.25\metrics-jmx-4.2.25.jar;C:\Users\JacobSabbathAdiaba\.m2\repository\com\fasterxml\jackson\module\jackson-module-scala_2.13\2.17.1\jackson-module-scala_2.13-2.17.1.jar;C:\Users\JacobSabbathAdiaba\.m2\repository\com\thoughtworks\paranamer\paranamer\2.8\paranamer-2.8.jar;C:\Users\JacobSabbathAdiaba\.m2\repository\net\razorvine\pickle\1.3\pickle-1.3.jar;C:\Users\JacobSabbathAdiaba\.m2\repository\net\sf\py4j\py4j\0.10.9.7\py4j-0.10.9.7.jar;C:\Users\JacobSabbathAdiaba\.m2\repository\org\apache\spark\spark-tags_2.13\4.0.0-preview1\spark-tags_2.13-4.0.0-preview1.jar;C:\Users\JacobSabbathAdiaba\.m2\repository\org\apache\commons\commons-crypto\1.1.0\commons-crypto-1.1.0.jar;C:\Users\JacobSabbathAdiaba\.m2\repository\junit\junit\3.8.1\junit-3.8.1.jar;C:\Users\JacobSabbathAdiaba\.m2\repository\org\slf4j\slf4j-simple\2.1.0-alpha1\slf4j-simple-2.1.0-alpha1.jar;C:\Users\JacobSabbathAdiaba\.m2\repository\org\slf4j\slf4j-api\2.1.0-alpha1\slf4j-api-2.1.0-alpha1.jar;C:\Users\JacobSabbathAdiaba\.m2\repository\com\fasterxml\jackson\core\jackson-databind\2.17.1\jackson-databind-2.17.1.jar;C:\Users\JacobSabbathAdiaba\.m2\repository\org\apache\spark\spark-sql_2.13\4.0.0-preview1\spark-sql_2.13-4.0.0-preview1.jar;C:\Users\JacobSabbathAdiaba\.m2\repository\org\rocksdb\rocksdbjni\8.11.4\rocksdbjni-8.11.4.jar;C:\Users\JacobSabbathAdiaba\.m2\repository\com\univocity\univocity-parsers\2.9.1\univocity-parsers-2.9.1.jar;C:\Users\JacobSabbathAdiaba\.m2\repository\org\apache\spark\spark-sketch_2.13\4.0.0-preview1\spark-sketch_2.13-4.0.0-preview1.jar;C:\Users\JacobSabbathAdiaba\.m2\repository\org\apache\spark\spark-catalyst_2.13\4.0.0-preview1\spark-catalyst_2.13-4.0.0-preview1.jar;C:\Users\JacobSabbathAdiaba\.m2\repository\org\apache\spark\spark-sql-api_2.13\4.0.0-preview1\spark-sql-api_2.13-4.0.0-preview1.jar;C:\Users\JacobSabbathAdiaba\.m2\repository\org\scala-lang\modules\scala-parser-combinators_2.13\2.4.0\scala-parser-combinators_2.13-2.4.0.jar;C:\Users\JacobSabbathAdiaba\.m2\repository\org\antlr\antlr4-runtime\4.13.1\antlr4-runtime-4.13.1.jar;C:\Users\JacobSabbathAdiaba\.m2\repository\org\apache\arrow\arrow-vector\16.1.0\arrow-vector-16.1.0.jar;C:\Users\JacobSabbathAdiaba\.m2\repository\org\apache\arrow\arrow-format\16.1.0\arrow-format-16.1.0.jar;C:\Users\JacobSabbathAdiaba\.m2\repository\org\apache\arrow\arrow-memory-core\16.1.0\arrow-memory-core-16.1.0.jar;C:\Users\JacobSabbathAdiaba\.m2\repository\com\fasterxml\jackson\datatype\jackson-datatype-jsr310\2.17.0\jackson-datatype-jsr310-2.17.0.jar;C:\Users\JacobSabbathAdiaba\.m2\repository\com\google\flatbuffers\flatbuffers-java\23.5.26\flatbuffers-java-23.5.26.jar;C:\Users\JacobSabbathAdiaba\.m2\repository\org\apache\arrow\arrow-memory-netty\16.1.0\arrow-memory-netty-16.1.0.jar;C:\Users\JacobSabbathAdiaba\.m2\repository\org\apache\arrow\arrow-memory-netty-buffer-patch\16.1.0\arrow-memory-netty-buffer-patch-16.1.0.jar;C:\Users\JacobSabbathAdiaba\.m2\repository\org\codehaus\janino\janino\3.1.9\janino-3.1.9.jar;C:\Users\JacobSabbathAdiaba\.m2\repository\org\codehaus\janino\commons-compiler\3.1.9\commons-compiler-3.1.9.jar;C:\Users\JacobSabbathAdiaba\.m2\repository\org\glassfish\jaxb\txw2\3.0.2\txw2-3.0.2.jar;C:\Users\JacobSabbathAdiaba\.m2\repository\org\apache\datasketches\datasketches-java\6.0.0\datasketches-java-6.0.0.jar;C:\Users\JacobSabbathAdiaba\.m2\repository\org\apache\datasketches\datasketches-memory\2.2.0\datasketches-memory-2.2.0.jar;C:\Users\JacobSabbathAdiaba\.m2\repository\org\apache\orc\orc-format\1.0.0\orc-format-1.0.0-shaded-protobuf.jar;C:\Users\JacobSabbathAdiaba\.m2\repository\org\apache\orc\orc-core\2.0.1\orc-core-2.0.1-shaded-protobuf.jar;C:\Users\JacobSabbathAdiaba\.m2\repository\org\apache\orc\orc-shims\2.0.1\orc-shims-2.0.1.jar;C:\Users\JacobSabbathAdiaba\.m2\repository\io\airlift\aircompressor\0.26\aircompressor-0.26.jar;C:\Users\JacobSabbathAdiaba\.m2\repository\org\jetbrains\annotations\17.0.0\annotations-17.0.0.jar;C:\Users\JacobSabbathAdiaba\.m2\repository\org\threeten\threeten-extra\1.7.1\threeten-extra-1.7.1.jar;C:\Users\JacobSabbathAdiaba\.m2\repository\org\apache\orc\orc-mapreduce\2.0.1\orc-mapreduce-2.0.1-shaded-protobuf.jar;C:\Users\JacobSabbathAdiaba\.m2\repository\org\apache\hive\hive-storage-api\2.8.1\hive-storage-api-2.8.1.jar;C:\Users\JacobSabbathAdiaba\.m2\repository\org\apache\parquet\parquet-column\1.13.1\parquet-column-1.13.1.jar;C:\Users\JacobSabbathAdiaba\.m2\repository\org\apache\parquet\parquet-common\1.13.1\parquet-common-1.13.1.jar;C:\Users\JacobSabbathAdiaba\.m2\repository\org\apache\parquet\parquet-encoding\1.13.1\parquet-encoding-1.13.1.jar;C:\Users\JacobSabbathAdiaba\.m2\repository\org\apache\parquet\parquet-hadoop\1.13.1\parquet-hadoop-1.13.1.jar;C:\Users\JacobSabbathAdiaba\.m2\repository\org\apache\parquet\parquet-format-structures\1.13.1\parquet-format-structures-1.13.1.jar;C:\Users\JacobSabbathAdiaba\.m2\repository\org\apache\parquet\parquet-jackson\1.13.1\parquet-jackson-1.13.1.jar;C:\Users\JacobSabbathAdiaba\.m2\repository\org\apache\ws\xmlschema\xmlschema-core\2.3.1\xmlschema-core-2.3.1.jar;C:\Users\JacobSabbathAdiaba\.m2\repository\org\apache\xbean\xbean-asm9-shaded\4.25\xbean-asm9-shaded-4.25.jar;C:\Users\JacobSabbathAdiaba\.m2\repository\com\ibm\icu\icu4j\72.1\icu4j-72.1.jar;C:\Users\JacobSabbathAdiaba\.m2\repository\com\fasterxml\jackson\core\jackson-core\2.17.1\jackson-core-2.17.1.jar;C:\Users\JacobSabbathAdiaba\.m2\repository\com\fasterxml\jackson\core\jackson-annotations\2.17.1\jackson-annotations-2.17.1.jar;"/>
    <property name="sun.cpu.endian" value="little"/>
    <property name="user.home" value="C:\Users\JacobSabbathAdiaba"/>
    <property name="user.language" value="en"/>
    <property name="java.specification.vendor" value="Oracle Corporation"/>
    <property name="java.version.date" value="2023-10-17"/>
    <property name="java.home" value="C:\Program Files\Java\jdk-17"/>
    <property name="file.separator" value="\"/>
    <property name="basedir" value="C:\Users\JacobSabbathAdiaba\OneDrive - AmaliTech gGmbH\Desktop\Java Accelerator\Java Advance\week1\spark\labs\apacheSpark\sparks"/>
    <property name="java.vm.compressedOopsMode" value="Zero based"/>
    <property name="line.separator" value="&#10;"/>
    <property name="java.vm.specification.vendor" value="Oracle Corporation"/>
    <property name="java.specification.name" value="Java Platform API Specification"/>
    <property name="surefire.real.class.path" value="C:\Users\JacobSabbathAdiaba\AppData\Local\Temp\surefire10282290427341701940\surefirebooter-20250618151834029_3.jar"/>
    <property name="user.script" value=""/>
    <property name="sun.management.compiler" value="HotSpot 64-Bit Tiered Compilers"/>
    <property name="java.runtime.version" value="17.0.9+11-LTS-201"/>
    <property name="user.name" value="JacobSabbathAdiaba"/>
    <property name="path.separator" value=";"/>
    <property name="os.version" value="10.0"/>
    <property name="java.runtime.name" value="Java(TM) SE Runtime Environment"/>
    <property name="file.encoding" value="Cp1252"/>
    <property name="java.vm.name" value="Java HotSpot(TM) 64-Bit Server VM"/>
    <property name="localRepository" value="C:\Users\JacobSabbathAdiaba\.m2\repository"/>
    <property name="java.vendor.url.bug" value="https://bugreport.java.com/bugreport/"/>
    <property name="java.io.tmpdir" value="C:\Users\JACOBS~1\AppData\Local\Temp\"/>
    <property name="java.version" value="17.0.9"/>
    <property name="user.dir" value="C:\Users\JacobSabbathAdiaba\OneDrive - AmaliTech gGmbH\Desktop\Java Accelerator\Java Advance\week1\spark\labs\apacheSpark\sparks"/>
    <property name="os.arch" value="amd64"/>
    <property name="java.vm.specification.name" value="Java Virtual Machine Specification"/>
    <property name="sun.os.patch.level" value=""/>
    <property name="native.encoding" value="Cp1252"/>
    <property name="java.library.path" value="C:\Program Files\Java\jdk-17\bin;C:\WINDOWS\Sun\Java\bin;C:\WINDOWS\system32;C:\WINDOWS;C:\Program Files\Git\mingw64\bin;C:\Program Files\Git\usr\bin;C:\Users\JacobSabbathAdiaba\bin;C:\Program Files\Common Files\Oracle\Java\javapath;C:\windows\system32;C:\windows;C:\windows\System32\Wbem;C:\windows\System32\WindowsPowerShell\v1.0;C:\windows\System32\OpenSSH;C:\Program Files\Git\cmd;C:\Program Files\nodejs;C:\Program Files\Java\jdk-17\bin;C:\Program Files\Maven\apache-maven-3.9.6-bin\apache-maven-3.9.6\bin;C:\Program Files\Docker\Docker\resources\bin;C:\Program Files\PuTTY;%SystemRoot%\system32;%SystemRoot%;%SystemRoot%\System32\Wbem;%SYSTEMROOT%\System32\WindowsPowerShell\v1.0;%SYSTEMROOT%\System32\OpenSSH;C:\Users\JacobSabbathAdiaba\AppData\Local\Programs\Python\Launcher;C:\Users\JacobSabbathAdiaba\.console-ninja\.bin;C:\Program Files\MySQL\MySQL Shell 8.0\bin;C:\Users\JacobSabbathAdiaba\AppData\Local\Microsoft\WindowsApps;C:\Users\JacobSabbathAdiaba\AppData\Local\Programs\Microsoft VS Code\bin;C:\Users\JacobSabbathAdiaba\AppData\Local\Programs\Ollama;C:\Users\JacobSabbathAdiaba\AppData\Local\JetBrains\Toolbox\scripts;C:\Users\JacobSabbathAdiaba\AppData\Local\Programs\Cursor1\resources\app\bin;C:\Users\JacobSabbathAdiaba\AppData\Local\Microsoft\WindowsApps;."/>
    <property name="java.vm.info" value="mixed mode, sharing"/>
    <property name="java.vendor" value="Oracle Corporation"/>
    <property name="java.vm.version" value="17.0.9+11-LTS-201"/>
    <property name="sun.io.unicode.encoding" value="UnicodeLittle"/>
    <property name="java.class.version" value="61.0"/>
  </properties>
  <testcase name="testApp" classname="com.apachesparks.AppTest" time="0.003"/>
</testsuite>